<?xml version="1.0" encoding="UTF-8"?>
<testsuite xmlns:xsi="http://www.w3.org/2001/XMLSchema-instance" xsi:noNamespaceSchemaLocation="https://maven.apache.org/surefire/maven-surefire-plugin/xsd/surefire-test-report.xsd" name="br.com.rfasioli.fas.FooArchitectTest" time="1.257" tests="11" errors="0" skipped="0" failures="0">
  <properties>
    <property name="sun.desktop" value="gnome"/>
    <property name="awt.toolkit" value="sun.awt.X11.XToolkit"/>
    <property name="java.specification.version" value="11"/>
    <property name="sun.cpu.isalist" value=""/>
    <property name="sun.jnu.encoding" value="UTF-8"/>
    <property name="java.class.path" value="/home/rfasioli/Fontes/Cursos/igti/fas/target/test-classes:/home/rfasioli/Fontes/Cursos/igti/fas/target/classes:/home/rfasioli/.m2/repository/junit/junit/4.11/junit-4.11.jar:/home/rfasioli/.m2/repository/org/hamcrest/hamcrest-core/1.3/hamcrest-core-1.3.jar:/home/rfasioli/.m2/repository/com/tngtech/archunit/archunit/0.14.1/archunit-0.14.1.jar:/home/rfasioli/.m2/repository/org/slf4j/slf4j-api/1.7.25/slf4j-api-1.7.25.jar:"/>
    <property name="java.vm.vendor" value="Ubuntu"/>
    <property name="sun.arch.data.model" value="64"/>
    <property name="java.vendor.url" value="https://ubuntu.com/"/>
    <property name="user.timezone" value=""/>
    <property name="user.country.format" value="BR"/>
    <property name="java.vm.specification.version" value="11"/>
    <property name="os.name" value="Linux"/>
    <property name="sun.java.launcher" value="SUN_STANDARD"/>
    <property name="user.country" value="US"/>
    <property name="sun.boot.library.path" value="/usr/lib/jvm/java-11-openjdk-amd64/lib"/>
    <property name="sun.java.command" value="/home/rfasioli/Fontes/Cursos/igti/fas/target/surefire/surefirebooter5711526468074966072.jar /home/rfasioli/Fontes/Cursos/igti/fas/target/surefire 2021-05-30T14-39-44_315-jvmRun1 surefire9065985942216354771tmp surefire_013495013503062587626tmp"/>
    <property name="jdk.debug" value="release"/>
    <property name="surefire.test.class.path" value="/home/rfasioli/Fontes/Cursos/igti/fas/target/test-classes:/home/rfasioli/Fontes/Cursos/igti/fas/target/classes:/home/rfasioli/.m2/repository/junit/junit/4.11/junit-4.11.jar:/home/rfasioli/.m2/repository/org/hamcrest/hamcrest-core/1.3/hamcrest-core-1.3.jar:/home/rfasioli/.m2/repository/com/tngtech/archunit/archunit/0.14.1/archunit-0.14.1.jar:/home/rfasioli/.m2/repository/org/slf4j/slf4j-api/1.7.25/slf4j-api-1.7.25.jar:"/>
    <property name="sun.cpu.endian" value="little"/>
    <property name="user.home" value="/home/rfasioli"/>
    <property name="user.language" value="en"/>
    <property name="java.specification.vendor" value="Oracle Corporation"/>
    <property name="java.version.date" value="2021-04-20"/>
    <property name="java.home" value="/usr/lib/jvm/java-11-openjdk-amd64"/>
    <property name="file.separator" value="/"/>
    <property name="basedir" value="/home/rfasioli/Fontes/Cursos/igti/fas"/>
    <property name="java.vm.compressedOopsMode" value="32-bit"/>
    <property name="line.separator" value="&#10;"/>
    <property name="java.specification.name" value="Java Platform API Specification"/>
    <property name="java.vm.specification.vendor" value="Oracle Corporation"/>
    <property name="java.awt.graphicsenv" value="sun.awt.X11GraphicsEnvironment"/>
    <property name="surefire.real.class.path" value="/home/rfasioli/Fontes/Cursos/igti/fas/target/surefire/surefirebooter5711526468074966072.jar"/>
    <property name="sun.management.compiler" value="HotSpot 64-Bit Tiered Compilers"/>
    <property name="java.runtime.version" value="11.0.11+9-Ubuntu-0ubuntu2.20.04"/>
    <property name="user.name" value="rfasioli"/>
    <property name="path.separator" value=":"/>
    <property name="os.version" value="5.4.0-73-generic"/>
    <property name="java.runtime.name" value="OpenJDK Runtime Environment"/>
    <property name="file.encoding" value="UTF-8"/>
    <property name="java.vm.name" value="OpenJDK 64-Bit Server VM"/>
    <property name="localRepository" value="/home/rfasioli/.m2/repository"/>
    <property name="java.vendor.url.bug" value="https://bugs.launchpad.net/ubuntu/+source/openjdk-lts"/>
    <property name="java.io.tmpdir" value="/tmp"/>
    <property name="java.version" value="11.0.11"/>
    <property name="user.dir" value="/home/rfasioli/Fontes/Cursos/igti/fas"/>
    <property name="os.arch" value="amd64"/>
    <property name="java.vm.specification.name" value="Java Virtual Machine Specification"/>
    <property name="java.awt.printerjob" value="sun.print.PSPrinterJob"/>
    <property name="user.language.format" value="pt"/>
    <property name="sun.os.patch.level" value="unknown"/>
    <property name="java.library.path" value="/usr/java/packages/lib:/usr/lib/x86_64-linux-gnu/jni:/lib/x86_64-linux-gnu:/usr/lib/x86_64-linux-gnu:/usr/lib/jni:/lib:/usr/lib"/>
    <property name="java.vm.info" value="mixed mode, sharing"/>
    <property name="java.vendor" value="Ubuntu"/>
    <property name="java.vm.version" value="11.0.11+9-Ubuntu-0ubuntu2.20.04"/>
    <property name="sun.io.unicode.encoding" value="UnicodeLittle"/>
    <property name="java.class.version" value="55.0"/>
  </properties>
  <testcase name="verificarDependenciasCiclicas" classname="br.com.rfasioli.fas.FooArchitectTest" time="0.03"/>
  <testcase name="verificarNomesClassesCamadaService" classname="br.com.rfasioli.fas.FooArchitectTest" time="0.012"/>
  <testcase name="verificarDependenciasParaCamadaBusiness" classname="br.com.rfasioli.fas.FooArchitectTest" time="0.002"/>
  <testcase name="verificarDependenciasDaCamadaPersistencia" classname="br.com.rfasioli.fas.FooArchitectTest" time="0.003"/>
  <testcase name="verificarDependenciasDaCamadaBusiness" classname="br.com.rfasioli.fas.FooArchitectTest" time="0.001"/>
  <testcase name="verificarDependenciasDaCamadaService" classname="br.com.rfasioli.fas.FooArchitectTest" time="0.002"/>
  <testcase name="verificarDependenciasParaCamadaPersistencia" classname="br.com.rfasioli.fas.FooArchitectTest" time="0.001"/>
  <testcase name="verificarViolacaoCamadas" classname="br.com.rfasioli.fas.FooArchitectTest" time="0.005"/>
  <testcase name="verificarDependenciasParaCamadaService" classname="br.com.rfasioli.fas.FooArchitectTest" time="0.001"/>
  <testcase name="verificarImplementacaoInterfaceDao" classname="br.com.rfasioli.fas.FooArchitectTest" time="0.002"/>
  <testcase name="verificarNomesClassesCamadaPersistencia" classname="br.com.rfasioli.fas.FooArchitectTest" time="0.001"/>
</testsuite>